<?xml version="1.0" encoding="UTF-8"?>
<!-- Generated by org.testng.reporters.JUnitReportReporter -->
<testsuite hostname="Hp" failures="0" tests="1" name="task.task.Coursera" time="36.923" errors="0" timestamp="2024-03-21T22:06:19 IST" skipped="0">
  <testcase classname="task.task.Coursera" name="checkCredentials" time="36.923"/>
</testsuite> <!-- task.task.Coursera -->
